<?xml version="1.0" encoding="UTF-8"?>
<!-- Generated by org.testng.reporters.JUnitReportReporter -->
<testsuite hostname="DESKTOP-1B6O86T" failures="0" tests="2" name="TC002_AddNewLog" time="7.027" errors="0" timestamp="14 Dec 2019 15:49:14 GMT" skipped="0">
  <testcase classname="TC002_AddNewLog" name="VerifySucessResponseOnValidEntry" time="5.372"/>
  <testcase classname="TC002_AddNewLog" name="VerifyFailureResponseOnInvalidEntry" time="1.655"/>
</testsuite> <!-- TC002_AddNewLog -->
