<?xml version="1.0" encoding="UTF-8"?>
<!-- Generated by org.testng.reporters.JUnitReportReporter -->
<testsuite hostname="DESKTOP-1B6O86T" failures="0" tests="2" name="TC003_UpdateLog" time="11.490" errors="0" timestamp="14 Dec 2019 15:49:50 GMT" skipped="0">
  <testcase classname="TC003_UpdateLog" name="VerifySucessResponseOnValidEntry" time="9.869"/>
  <testcase classname="TC003_UpdateLog" name="VerifyFailureResponseOnInvalidEntry" time="1.621"/>
</testsuite> <!-- TC003_UpdateLog -->
