<?xml version="1.0" encoding="UTF-8"?>
<!-- Generated by org.testng.reporters.JUnitReportReporter -->
<testsuite hostname="DESKTOP-1B6O86T" failures="0" tests="2" name="TC002_POST_AddNewLog" time="5.449" errors="0" timestamp="14 Dec 2019 15:24:45 GMT" skipped="0">
  <testcase classname="TC002_POST_AddNewLog" name="VerifySucessResponseOnValidEntry" time="4.553"/>
  <testcase classname="TC002_POST_AddNewLog" name="VerifyFailureResponseOnInvalidEntry" time="0.896"/>
</testsuite> <!-- TC002_POST_AddNewLog -->
