<?xml version="1.0" encoding="UTF-8"?>
<!-- Generated by org.testng.reporters.JUnitReportReporter -->
<testsuite hostname="DESKTOP-1B6O86T" failures="0" tests="1" name="TC001_GET_Request" time="3.718" errors="0" timestamp="12 Dec 2019 18:37:51 GMT" skipped="0">
  <testcase classname="TC001_GET_Request" name="getWeatherDetails" time="3.718"/>
</testsuite> <!-- TC001_GET_Request -->
