<?xml version="1.0" encoding="UTF-8"?>
<!-- Generated by org.testng.reporters.JUnitReportReporter -->
<testsuite hostname="DESKTOP-1B6O86T" failures="0" tests="2" name="TC004_DeleteLog" time="5.681" errors="0" timestamp="14 Dec 2019 15:50:16 GMT" skipped="1">
  <testcase classname="TC004_DeleteLog" name="VerifyFailureResponseOnDeleteLog" time="5.681"/>
  <testcase classname="TC004_DeleteLog" name="VerifySucessResponseOnDeleteLog">
    <skipped/>
  </testcase> <!-- VerifySucessResponseOnDeleteLog -->
</testsuite> <!-- TC004_DeleteLog -->
