<?xml version="1.0" encoding="UTF-8"?>
<!-- Generated by org.testng.reporters.JUnitReportReporter -->
<testsuite hostname="DESKTOP-1B6O86T" failures="0" tests="2" name="com.managebgl.qa.testcases.TC002_AddNewLog" time="1.990" errors="0" timestamp="16 Dec 2019 10:19:59 GMT" skipped="0">
  <testcase classname="com.managebgl.qa.testcases.TC002_AddNewLog" name="VerifySucessResponseOnValidEntry" time="0.944"/>
  <testcase classname="com.managebgl.qa.testcases.TC002_AddNewLog" name="VerifyFailureResponseOnInvalidEntry" time="1.046"/>
</testsuite> <!-- com.managebgl.qa.testcases.TC002_AddNewLog -->
