<?xml version="1.0" encoding="UTF-8"?>
<!-- Generated by org.testng.reporters.JUnitReportReporter -->
<testsuite hostname="DESKTOP-1B6O86T" failures="0" tests="1" name="com.managebgl.qa.testcases.TC005_Logout_User" time="0.847" errors="0" timestamp="16 Dec 2019 10:19:59 GMT" skipped="0">
  <testcase classname="com.managebgl.qa.testcases.TC005_Logout_User" name="VerifySucessResponseOnValidLogout" time="0.847"/>
</testsuite> <!-- com.managebgl.qa.testcases.TC005_Logout_User -->
