<?xml version="1.0" encoding="UTF-8"?>
<!-- Generated by org.testng.reporters.JUnitReportReporter -->
<testsuite hostname="DESKTOP-1B6O86T" failures="0" tests="3" name="TC001_Login_User" time="7.855" errors="0" timestamp="14 Dec 2019 15:47:54 GMT" skipped="1">
  <testcase classname="TC001_Login_User" name="VerifySucessResponseOnValidLogin" time="6.152"/>
  <testcase classname="TC001_Login_User" name="VerifyFailureResponseOnInvalidEmail" time="1.703"/>
  <testcase classname="TC001_Login_User" name="VerifyFailureResponseOnInvalidPassoword">
    <skipped/>
  </testcase> <!-- VerifyFailureResponseOnInvalidPassoword -->
</testsuite> <!-- TC001_Login_User -->
