<?xml version="1.0" encoding="UTF-8"?>
<!-- Generated by org.testng.reporters.JUnitReportReporter -->
<testsuite hostname="DESKTOP-1B6O86T" failures="0" tests="2" name="TC003_PUT_UpdateLog" time="5.495" errors="0" timestamp="14 Dec 2019 15:25:04 GMT" skipped="0">
  <testcase classname="TC003_PUT_UpdateLog" name="VerifySucessResponseOnValidEntry" time="4.639"/>
  <testcase classname="TC003_PUT_UpdateLog" name="VerifyFailureResponseOnInvalidEntry" time="0.856"/>
</testsuite> <!-- TC003_PUT_UpdateLog -->
