<?xml version="1.0" encoding="UTF-8"?>
<!-- Generated by org.testng.reporters.JUnitReportReporter -->
<testsuite hostname="DESKTOP-1B6O86T" failures="0" tests="2" name="com.managebgl.qa.testcases.TC004_DeleteLog" time="1.739" errors="0" timestamp="16 Dec 2019 10:19:59 GMT" skipped="0">
  <testcase classname="com.managebgl.qa.testcases.TC004_DeleteLog" name="VerifySucessResponseOnDeleteLog" time="0.896"/>
  <testcase classname="com.managebgl.qa.testcases.TC004_DeleteLog" name="VerifyFailureResponseOnDeleteLog" time="0.843"/>
</testsuite> <!-- com.managebgl.qa.testcases.TC004_DeleteLog -->
