<?xml version="1.0" encoding="UTF-8"?>
<!-- Generated by org.testng.reporters.JUnitReportReporter -->
<testsuite hostname="DESKTOP-1B6O86T" failures="0" tests="1" name="TC004_DELETE_Request" time="3.903" errors="0" timestamp="13 Dec 2019 09:41:03 GMT" skipped="0">
  <testcase classname="TC004_DELETE_Request" name="getdeletedata" time="3.903"/>
</testsuite> <!-- TC004_DELETE_Request -->
