<?xml version="1.0" encoding="UTF-8"?>
<!-- Generated by org.testng.reporters.JUnitReportReporter -->
<testsuite hostname="DESKTOP-1B6O86T" failures="0" tests="1" name="TC005_Logout_User" time="5.094" errors="0" timestamp="14 Dec 2019 15:51:54 GMT" skipped="0">
  <testcase classname="TC005_Logout_User" name="VerifySucessResponseOnValidLogin" time="5.094"/>
</testsuite> <!-- TC005_Logout_User -->
