<?xml version="1.0" encoding="UTF-8"?>
<!-- Generated by org.testng.reporters.JUnitReportReporter -->
<testsuite hostname="DESKTOP-1B6O86T" failures="0" tests="3" name="TC001_GET_Login_PredictBGLUser" time="5.734" errors="0" timestamp="14 Dec 2019 14:38:16 GMT" skipped="1">
  <testcase classname="TC001_GET_Login_PredictBGLUser" name="VerifySucessResponseOnValidLogin" time="4.866"/>
  <testcase classname="TC001_GET_Login_PredictBGLUser" name="VerifyFailureResponseOnInvalidEmail" time="0.868"/>
  <testcase classname="TC001_GET_Login_PredictBGLUser" name="VerifyFailureResponseOnInvalidPassoword">
    <skipped/>
  </testcase> <!-- VerifyFailureResponseOnInvalidPassoword -->
</testsuite> <!-- TC001_GET_Login_PredictBGLUser -->
