<?xml version="1.0" encoding="UTF-8"?>
<!-- Generated by org.testng.reporters.JUnitReportReporter -->
<testsuite hostname="DESKTOP-1B6O86T" failures="0" tests="1" name="TC002_POST_Request" time="3.507" errors="0" timestamp="12 Dec 2019 20:16:48 GMT" skipped="0">
  <testcase classname="TC002_POST_Request" name="getPostData" time="3.507"/>
</testsuite> <!-- TC002_POST_Request -->
