<?xml version="1.0" encoding="UTF-8"?>
<!-- Generated by org.testng.reporters.JUnitReportReporter -->
<testsuite hostname="DESKTOP-1B6O86T" failures="0" tests="3" name="com.managebgl.qa.testcases.TC001_Login_User" time="5.592" errors="0" timestamp="16 Dec 2019 10:19:59 GMT" skipped="1">
  <testcase classname="com.managebgl.qa.testcases.TC001_Login_User" name="VerifySucessResponseOnValidLogin" time="4.701"/>
  <testcase classname="com.managebgl.qa.testcases.TC001_Login_User" name="VerifyFailureResponseOnInvalidEmail" time="0.891"/>
  <testcase classname="com.managebgl.qa.testcases.TC001_Login_User" name="VerifyFailureResponseOnInvalidPassoword">
    <skipped/>
  </testcase> <!-- VerifyFailureResponseOnInvalidPassoword -->
</testsuite> <!-- com.managebgl.qa.testcases.TC001_Login_User -->
