<?xml version="1.0" encoding="UTF-8"?>
<!-- Generated by org.testng.reporters.JUnitReportReporter -->
<testsuite hostname="DESKTOP-1B6O86T" failures="0" tests="1" name="TC001_GET_Login_PredictBGL" time="4.899" errors="0" timestamp="14 Dec 2019 14:25:30 GMT" skipped="0">
  <testcase classname="TC001_GET_Login_PredictBGL" name="getSucessResponceOnValidLogin" time="4.899"/>
</testsuite> <!-- TC001_GET_Login_PredictBGL -->
